Copyright 1986-2019 Xilinx, Inc. All Rights Reserved.
-----------------------------------------------------------------------------------------------------------------------------------------------------------------------
| Tool Version : Vivado v.2019.1 (win64) Build 2552052 Fri May 24 14:49:42 MDT 2019
| Date         : Tue Nov  5 17:40:33 2019
| Host         : DESKTOP-DD43441 running 64-bit major release  (build 9200)
| Command      : report_methodology -file PWM_wrapper_methodology_drc_routed.rpt -pb PWM_wrapper_methodology_drc_routed.pb -rpx PWM_wrapper_methodology_drc_routed.rpx
| Design       : PWM_wrapper
| Device       : xc7z020clg400-1
| Speed File   : -1
| Design State : Fully Routed
-----------------------------------------------------------------------------------------------------------------------------------------------------------------------

Report Methodology

Table of Contents
-----------------
1. REPORT SUMMARY
2. REPORT DETAILS

1. REPORT SUMMARY
-----------------
            Netlist: netlist
          Floorplan: design_1
      Design limits: <entire design considered>
             Max violations: <unlimited>
             Violations found: 3
+-----------+----------+-------------------------------+------------+
| Rule      | Severity | Description                   | Violations |
+-----------+----------+-------------------------------+------------+
| TIMING-18 | Warning  | Missing input or output delay | 3          |
+-----------+----------+-------------------------------+------------+

2. REPORT DETAILS
-----------------
TIMING-18#1 Warning
Missing input or output delay  
An output delay is missing on led4_b relative to clock(s) clk_fpga_0
Related violations: <none>

TIMING-18#2 Warning
Missing input or output delay  
An output delay is missing on led4_g relative to clock(s) clk_fpga_0
Related violations: <none>

TIMING-18#3 Warning
Missing input or output delay  
An output delay is missing on led4_r relative to clock(s) clk_fpga_0
Related violations: <none>


