23:30:37 INFO  : Registering command handlers for SDK TCF services
23:30:39 INFO  : Launching XSCT server: xsct.bat -interactive C:\Users\JUJUSL\projects\PWM\PWM.sdk\temp_xsdb_launch_script.tcl
23:30:44 INFO  : XSCT server has started successfully.
23:30:49 INFO  : Processing command line option -hwspec C:/Users/JUJUSL/projects/PWM/PWM.sdk/PWM_wrapper.hdf.
23:30:49 INFO  : Successfully done setting XSCT server connection channel  
23:30:49 INFO  : Successfully done setting SDK workspace  
00:02:49 INFO  : Connected to target on host '127.0.0.1' and port '3121'.
00:02:50 INFO  : Jtag cable 'Xilinx TUL 1234-tulA' is selected.
00:02:50 INFO  : 'jtag frequency' command is executed.
00:02:50 INFO  : Sourcing of 'C:/Users/JUJUSL/projects/PWM/PWM.sdk/PWM_wrapper_hw_platform_0/ps7_init.tcl' is done.
00:02:50 INFO  : Context for 'APU' is selected.
00:02:50 INFO  : System reset is completed.
00:02:53 INFO  : 'after 3000' command is executed.
00:02:53 INFO  : 'targets -set -filter {jtag_cable_name =~ "Xilinx TUL 1234-tulA" && level==0} -index 1' command is executed.
00:02:56 INFO  : FPGA configured successfully with bitstream "C:/Users/JUJUSL/projects/PWM/PWM.sdk/PWM_wrapper_hw_platform_0/PWM_wrapper.bit"
00:02:56 INFO  : Context for 'APU' is selected.
00:02:56 INFO  : Hardware design information is loaded from 'C:/Users/JUJUSL/projects/PWM/PWM.sdk/PWM_wrapper_hw_platform_0/system.hdf'.
00:02:56 INFO  : 'configparams force-mem-access 1' command is executed.
00:02:56 INFO  : Context for 'APU' is selected.
00:02:57 INFO  : 'ps7_init' command is executed.
00:02:57 INFO  : 'ps7_post_config' command is executed.
00:02:57 INFO  : Context for processor 'ps7_cortexa9_0' is selected.
00:02:57 INFO  : The application 'C:/Users/JUJUSL/projects/PWM/PWM.sdk/PWM/Debug/PWM.elf' is downloaded to processor 'ps7_cortexa9_0'.
00:02:57 INFO  : 'configparams force-mem-access 0' command is executed.
00:02:57 INFO  : ----------------XSDB Script----------------
connect -url tcp:127.0.0.1:3121
source C:/Users/JUJUSL/projects/PWM/PWM.sdk/PWM_wrapper_hw_platform_0/ps7_init.tcl
targets -set -nocase -filter {name =~"APU*" && jtag_cable_name =~ "Xilinx TUL 1234-tulA"} -index 0
rst -system
after 3000
targets -set -filter {jtag_cable_name =~ "Xilinx TUL 1234-tulA" && level==0} -index 1
fpga -file C:/Users/JUJUSL/projects/PWM/PWM.sdk/PWM_wrapper_hw_platform_0/PWM_wrapper.bit
targets -set -nocase -filter {name =~"APU*" && jtag_cable_name =~ "Xilinx TUL 1234-tulA"} -index 0
loadhw -hw C:/Users/JUJUSL/projects/PWM/PWM.sdk/PWM_wrapper_hw_platform_0/system.hdf -mem-ranges [list {0x40000000 0xbfffffff}]
configparams force-mem-access 1
targets -set -nocase -filter {name =~"APU*" && jtag_cable_name =~ "Xilinx TUL 1234-tulA"} -index 0
ps7_init
ps7_post_config
targets -set -nocase -filter {name =~ "ARM*#0" && jtag_cable_name =~ "Xilinx TUL 1234-tulA"} -index 0
dow C:/Users/JUJUSL/projects/PWM/PWM.sdk/PWM/Debug/PWM.elf
configparams force-mem-access 0
----------------End of Script----------------

00:02:57 INFO  : Context for processor 'ps7_cortexa9_0' is selected.
00:02:57 INFO  : 'con' command is executed.
00:02:57 INFO  : ----------------XSDB Script (After Launch)----------------
targets -set -nocase -filter {name =~ "ARM*#0" && jtag_cable_name =~ "Xilinx TUL 1234-tulA"} -index 0
con
----------------End of Script----------------

00:02:57 INFO  : Disconnected from the channel tcfchan#1.
