00:54:42 INFO  : Registering command handlers for SDK TCF services
00:54:44 INFO  : Launching XSCT server: xsct.bat -interactive C:\Users\JUJUSL\projects\sort\sort.sdk\temp_xsdb_launch_script.tcl
00:54:48 INFO  : XSCT server has started successfully.
00:54:48 INFO  : Successfully done setting XSCT server connection channel  
00:54:51 INFO  : Processing command line option -hwspec C:/Users/JUJUSL/projects/sort/sort.sdk/sort_wrapper.hdf.
00:54:51 INFO  : Successfully done setting SDK workspace  
00:59:33 INFO  : Connected to target on host '127.0.0.1' and port '3121'.
00:59:34 INFO  : Jtag cable 'Xilinx TUL 1234-tulA' is selected.
00:59:34 INFO  : 'jtag frequency' command is executed.
00:59:34 INFO  : Sourcing of 'C:/Users/JUJUSL/projects/sort/sort.sdk/sort_wrapper_hw_platform_0/ps7_init.tcl' is done.
00:59:34 INFO  : Context for 'APU' is selected.
00:59:35 INFO  : System reset is completed.
00:59:38 INFO  : 'after 3000' command is executed.
00:59:38 INFO  : 'targets -set -filter {jtag_cable_name =~ "Xilinx TUL 1234-tulA" && level==0} -index 1' command is executed.
00:59:40 INFO  : FPGA configured successfully with bitstream "C:/Users/JUJUSL/projects/sort/sort.sdk/sort_wrapper_hw_platform_0/sort_wrapper.bit"
00:59:40 INFO  : Context for 'APU' is selected.
00:59:40 INFO  : Hardware design information is loaded from 'C:/Users/JUJUSL/projects/sort/sort.sdk/sort_wrapper_hw_platform_0/system.hdf'.
00:59:40 INFO  : 'configparams force-mem-access 1' command is executed.
00:59:40 INFO  : Context for 'APU' is selected.
00:59:41 INFO  : 'ps7_init' command is executed.
00:59:41 INFO  : 'ps7_post_config' command is executed.
00:59:41 INFO  : Context for processor 'ps7_cortexa9_0' is selected.
00:59:41 INFO  : The application 'C:/Users/JUJUSL/projects/sort/sort.sdk/sort/Debug/sort.elf' is downloaded to processor 'ps7_cortexa9_0'.
00:59:41 INFO  : 'configparams force-mem-access 0' command is executed.
00:59:41 INFO  : ----------------XSDB Script----------------
connect -url tcp:127.0.0.1:3121
source C:/Users/JUJUSL/projects/sort/sort.sdk/sort_wrapper_hw_platform_0/ps7_init.tcl
targets -set -nocase -filter {name =~"APU*" && jtag_cable_name =~ "Xilinx TUL 1234-tulA"} -index 0
rst -system
after 3000
targets -set -filter {jtag_cable_name =~ "Xilinx TUL 1234-tulA" && level==0} -index 1
fpga -file C:/Users/JUJUSL/projects/sort/sort.sdk/sort_wrapper_hw_platform_0/sort_wrapper.bit
targets -set -nocase -filter {name =~"APU*" && jtag_cable_name =~ "Xilinx TUL 1234-tulA"} -index 0
loadhw -hw C:/Users/JUJUSL/projects/sort/sort.sdk/sort_wrapper_hw_platform_0/system.hdf -mem-ranges [list {0x40000000 0xbfffffff}]
configparams force-mem-access 1
targets -set -nocase -filter {name =~"APU*" && jtag_cable_name =~ "Xilinx TUL 1234-tulA"} -index 0
ps7_init
ps7_post_config
targets -set -nocase -filter {name =~ "ARM*#0" && jtag_cable_name =~ "Xilinx TUL 1234-tulA"} -index 0
dow C:/Users/JUJUSL/projects/sort/sort.sdk/sort/Debug/sort.elf
configparams force-mem-access 0
----------------End of Script----------------

00:59:41 INFO  : Context for processor 'ps7_cortexa9_0' is selected.
00:59:41 INFO  : 'con' command is executed.
00:59:41 INFO  : ----------------XSDB Script (After Launch)----------------
targets -set -nocase -filter {name =~ "ARM*#0" && jtag_cable_name =~ "Xilinx TUL 1234-tulA"} -index 0
con
----------------End of Script----------------

00:59:41 INFO  : Disconnected from the channel tcfchan#1.
