
*** Running vivado
    with args -log design_1_ALU_0_0.vds -m64 -product Vivado -mode batch -messageDb vivado.pb -notrace -source design_1_ALU_0_0.tcl


****** Vivado v2018.3 (64-bit)
  **** SW Build 2405991 on Thu Dec  6 23:38:27 MST 2018
  **** IP Build 2404404 on Fri Dec  7 01:43:56 MST 2018
    ** Copyright 1986-2018 Xilinx, Inc. All Rights Reserved.

source design_1_ALU_0_0.tcl -notrace
INFO: [IP_Flow 19-234] Refreshing IP repositories
INFO: [IP_Flow 19-1700] Loaded user IP repository 'd:/Vivado/project/ip_repo'.
INFO: [IP_Flow 19-2313] Loaded Vivado IP repository 'D:/Vivado/2018.3/data/ip'.
Command: synth_design -top design_1_ALU_0_0 -part xc7z020clg400-1 -mode out_of_context
Starting synth_design
Attempting to get a license for feature 'Synthesis' and/or device 'xc7z020'
INFO: [Common 17-349] Got license for feature 'Synthesis' and/or device 'xc7z020'
INFO: Launching helper process for spawning children vivado processes
INFO: Helper process launched with PID 15116 
---------------------------------------------------------------------------------
Starting RTL Elaboration : Time (s): cpu = 00:00:03 ; elapsed = 00:00:04 . Memory (MB): peak = 396.703 ; gain = 103.258
---------------------------------------------------------------------------------
INFO: [Synth 8-6157] synthesizing module 'design_1_ALU_0_0' [d:/Vivado/project/hw4_top/hw4_top.srcs/sources_1/bd/design_1/ip/design_1_ALU_0_0/synth/design_1_ALU_0_0.v:57]
INFO: [Synth 8-6157] synthesizing module 'ALU_v1_0' [d:/Vivado/project/hw4_top/hw4_top.srcs/sources_1/bd/design_1/ipshared/9e0f/hdl/ALU_v1_0.v:4]
	Parameter C_S00_AXI_DATA_WIDTH bound to: 32 - type: integer 
	Parameter C_S00_AXI_ADDR_WIDTH bound to: 4 - type: integer 
INFO: [Synth 8-6157] synthesizing module 'ALU_v1_0_S00_AXI' [d:/Vivado/project/hw4_top/hw4_top.srcs/sources_1/bd/design_1/ipshared/9e0f/hdl/ALU_v1_0_S00_AXI.v:4]
	Parameter C_S_AXI_DATA_WIDTH bound to: 32 - type: integer 
	Parameter C_S_AXI_ADDR_WIDTH bound to: 4 - type: integer 
	Parameter ADDR_LSB bound to: 2 - type: integer 
	Parameter OPT_MEM_ADDR_BITS bound to: 1 - type: integer 
INFO: [Synth 8-226] default block is never used [d:/Vivado/project/hw4_top/hw4_top.srcs/sources_1/bd/design_1/ipshared/9e0f/hdl/ALU_v1_0_S00_AXI.v:231]
INFO: [Synth 8-226] default block is never used [d:/Vivado/project/hw4_top/hw4_top.srcs/sources_1/bd/design_1/ipshared/9e0f/hdl/ALU_v1_0_S00_AXI.v:372]
INFO: [Synth 8-6157] synthesizing module 'ALU' [d:/Vivado/project/hw4_top/hw4_top.srcs/sources_1/bd/design_1/ipshared/9e0f/src/ALU.v:23]
	Parameter ADD bound to: 2'b00 
	Parameter SUB bound to: 2'b01 
	Parameter MUL bound to: 2'b10 
INFO: [Synth 8-6155] done synthesizing module 'ALU' (1#1) [d:/Vivado/project/hw4_top/hw4_top.srcs/sources_1/bd/design_1/ipshared/9e0f/src/ALU.v:23]
WARNING: [Synth 8-6014] Unused sequential element slv_reg1_reg was removed.  [d:/Vivado/project/hw4_top/hw4_top.srcs/sources_1/bd/design_1/ipshared/9e0f/hdl/ALU_v1_0_S00_AXI.v:224]
WARNING: [Synth 8-6014] Unused sequential element slv_reg2_reg was removed.  [d:/Vivado/project/hw4_top/hw4_top.srcs/sources_1/bd/design_1/ipshared/9e0f/hdl/ALU_v1_0_S00_AXI.v:225]
INFO: [Synth 8-6155] done synthesizing module 'ALU_v1_0_S00_AXI' (2#1) [d:/Vivado/project/hw4_top/hw4_top.srcs/sources_1/bd/design_1/ipshared/9e0f/hdl/ALU_v1_0_S00_AXI.v:4]
INFO: [Synth 8-6155] done synthesizing module 'ALU_v1_0' (3#1) [d:/Vivado/project/hw4_top/hw4_top.srcs/sources_1/bd/design_1/ipshared/9e0f/hdl/ALU_v1_0.v:4]
INFO: [Synth 8-6155] done synthesizing module 'design_1_ALU_0_0' (4#1) [d:/Vivado/project/hw4_top/hw4_top.srcs/sources_1/bd/design_1/ip/design_1_ALU_0_0/synth/design_1_ALU_0_0.v:57]
WARNING: [Synth 8-3331] design ALU_v1_0_S00_AXI has unconnected port S_AXI_AWPROT[2]
WARNING: [Synth 8-3331] design ALU_v1_0_S00_AXI has unconnected port S_AXI_AWPROT[1]
WARNING: [Synth 8-3331] design ALU_v1_0_S00_AXI has unconnected port S_AXI_AWPROT[0]
WARNING: [Synth 8-3331] design ALU_v1_0_S00_AXI has unconnected port S_AXI_ARPROT[2]
WARNING: [Synth 8-3331] design ALU_v1_0_S00_AXI has unconnected port S_AXI_ARPROT[1]
WARNING: [Synth 8-3331] design ALU_v1_0_S00_AXI has unconnected port S_AXI_ARPROT[0]
---------------------------------------------------------------------------------
Finished RTL Elaboration : Time (s): cpu = 00:00:04 ; elapsed = 00:00:05 . Memory (MB): peak = 452.891 ; gain = 159.445
---------------------------------------------------------------------------------

Report Check Netlist: 
+------+------------------+-------+---------+-------+------------------+
|      |Item              |Errors |Warnings |Status |Description       |
+------+------------------+-------+---------+-------+------------------+
|1     |multi_driven_nets |      0|        0|Passed |Multi driven nets |
+------+------------------+-------+---------+-------+------------------+
---------------------------------------------------------------------------------
Start Handling Custom Attributes
---------------------------------------------------------------------------------
---------------------------------------------------------------------------------
Finished Handling Custom Attributes : Time (s): cpu = 00:00:04 ; elapsed = 00:00:06 . Memory (MB): peak = 452.891 ; gain = 159.445
---------------------------------------------------------------------------------
---------------------------------------------------------------------------------
Finished RTL Optimization Phase 1 : Time (s): cpu = 00:00:04 ; elapsed = 00:00:06 . Memory (MB): peak = 452.891 ; gain = 159.445
---------------------------------------------------------------------------------
INFO: [Device 21-403] Loading part xc7z020clg400-1
INFO: [Project 1-570] Preparing netlist for logic optimization

Processing XDC Constraints
Initializing timing engine
Completed Processing XDC Constraints

Netlist sorting complete. Time (s): cpu = 00:00:00 ; elapsed = 00:00:00.001 . Memory (MB): peak = 784.129 ; gain = 0.000
INFO: [Project 1-111] Unisim Transformation Summary:
No Unisim elements were transformed.

Netlist sorting complete. Time (s): cpu = 00:00:00 ; elapsed = 00:00:00 . Memory (MB): peak = 784.129 ; gain = 0.000
WARNING: [Constraints 18-5210] No constraints selected for write.
Resolution: This message can indicate that there are no constraints for the design, or it can indicate that the used_in flags are set such that the constraints are ignored. This later case is used when running synth_design to not write synthesis constraints to the resulting checkpoint. Instead, project constraints are read when the synthesized design is opened.
Constraint Validation Runtime : Time (s): cpu = 00:00:00 ; elapsed = 00:00:00.534 . Memory (MB): peak = 787.219 ; gain = 3.090
---------------------------------------------------------------------------------
Finished Constraint Validation : Time (s): cpu = 00:00:14 ; elapsed = 00:00:23 . Memory (MB): peak = 787.219 ; gain = 493.773
---------------------------------------------------------------------------------
---------------------------------------------------------------------------------
Start Loading Part and Timing Information
---------------------------------------------------------------------------------
Loading part: xc7z020clg400-1
---------------------------------------------------------------------------------
Finished Loading Part and Timing Information : Time (s): cpu = 00:00:14 ; elapsed = 00:00:23 . Memory (MB): peak = 787.219 ; gain = 493.773
---------------------------------------------------------------------------------
---------------------------------------------------------------------------------
Start Applying 'set_property' XDC Constraints
---------------------------------------------------------------------------------
---------------------------------------------------------------------------------
Finished applying 'set_property' XDC Constraints : Time (s): cpu = 00:00:14 ; elapsed = 00:00:23 . Memory (MB): peak = 787.219 ; gain = 493.773
---------------------------------------------------------------------------------
INFO: [Synth 8-5818] HDL ADVISOR - The operator resource <adder> is shared. To prevent sharing consider applying a KEEP on the output of the operator [d:/Vivado/project/hw4_top/hw4_top.srcs/sources_1/bd/design_1/ipshared/9e0f/src/ALU.v:40]
---------------------------------------------------------------------------------
Finished RTL Optimization Phase 2 : Time (s): cpu = 00:00:14 ; elapsed = 00:00:23 . Memory (MB): peak = 787.219 ; gain = 493.773
---------------------------------------------------------------------------------

Report RTL Partitions: 
+-+--------------+------------+----------+
| |RTL Partition |Replication |Instances |
+-+--------------+------------+----------+
+-+--------------+------------+----------+
---------------------------------------------------------------------------------
Start RTL Component Statistics 
---------------------------------------------------------------------------------
Detailed RTL Component Info : 
+---Adders : 
	   3 Input     16 Bit       Adders := 1     
+---Registers : 
	               32 Bit    Registers := 3     
	                4 Bit    Registers := 2     
	                2 Bit    Registers := 2     
	                1 Bit    Registers := 6     
+---Muxes : 
	   2 Input     32 Bit        Muxes := 2     
	   4 Input     32 Bit        Muxes := 3     
	   4 Input     16 Bit        Muxes := 2     
	   2 Input      1 Bit        Muxes := 7     
	   4 Input      1 Bit        Muxes := 1     
---------------------------------------------------------------------------------
Finished RTL Component Statistics 
---------------------------------------------------------------------------------
---------------------------------------------------------------------------------
Start RTL Hierarchical Component Statistics 
---------------------------------------------------------------------------------
Hierarchical RTL Component report 
Module ALU 
Detailed RTL Component Info : 
+---Adders : 
	   3 Input     16 Bit       Adders := 1     
+---Muxes : 
	   4 Input     16 Bit        Muxes := 2     
	   2 Input      1 Bit        Muxes := 2     
	   4 Input      1 Bit        Muxes := 1     
Module ALU_v1_0_S00_AXI 
Detailed RTL Component Info : 
+---Registers : 
	               32 Bit    Registers := 3     
	                4 Bit    Registers := 2     
	                2 Bit    Registers := 2     
	                1 Bit    Registers := 6     
+---Muxes : 
	   2 Input     32 Bit        Muxes := 2     
	   4 Input     32 Bit        Muxes := 3     
	   2 Input      1 Bit        Muxes := 5     
---------------------------------------------------------------------------------
Finished RTL Hierarchical Component Statistics
---------------------------------------------------------------------------------
---------------------------------------------------------------------------------
Start Part Resource Summary
---------------------------------------------------------------------------------
Part Resources:
DSPs: 220 (col length:60)
BRAMs: 280 (col length: RAMB18 60 RAMB36 30)
---------------------------------------------------------------------------------
Finished Part Resource Summary
---------------------------------------------------------------------------------
---------------------------------------------------------------------------------
Start Cross Boundary and Area Optimization
---------------------------------------------------------------------------------
Warning: Parallel synthesis criteria is not met 
WARNING: [Synth 8-3331] design design_1_ALU_0_0 has unconnected port s00_axi_awprot[2]
WARNING: [Synth 8-3331] design design_1_ALU_0_0 has unconnected port s00_axi_awprot[1]
WARNING: [Synth 8-3331] design design_1_ALU_0_0 has unconnected port s00_axi_awprot[0]
WARNING: [Synth 8-3331] design design_1_ALU_0_0 has unconnected port s00_axi_arprot[2]
WARNING: [Synth 8-3331] design design_1_ALU_0_0 has unconnected port s00_axi_arprot[1]
WARNING: [Synth 8-3331] design design_1_ALU_0_0 has unconnected port s00_axi_arprot[0]
INFO: [Synth 8-3886] merging instance 'inst/ALU_v1_0_S00_AXI_inst/axi_rresp_reg[0]' (FDRE) to 'inst/ALU_v1_0_S00_AXI_inst/axi_rresp_reg[1]'
INFO: [Synth 8-3333] propagating constant 0 across sequential element (\inst/ALU_v1_0_S00_AXI_inst/axi_rresp_reg[1] )
INFO: [Synth 8-3886] merging instance 'inst/ALU_v1_0_S00_AXI_inst/axi_bresp_reg[0]' (FDRE) to 'inst/ALU_v1_0_S00_AXI_inst/axi_bresp_reg[1]'
INFO: [Synth 8-3333] propagating constant 0 across sequential element (\inst/ALU_v1_0_S00_AXI_inst/axi_bresp_reg[1] )
---------------------------------------------------------------------------------
Finished Cross Boundary and Area Optimization : Time (s): cpu = 00:00:15 ; elapsed = 00:00:25 . Memory (MB): peak = 787.219 ; gain = 493.773
---------------------------------------------------------------------------------

Report RTL Partitions: 
+-+--------------+------------+----------+
| |RTL Partition |Replication |Instances |
+-+--------------+------------+----------+
+-+--------------+------------+----------+
---------------------------------------------------------------------------------
Start Applying XDC Timing Constraints
---------------------------------------------------------------------------------
---------------------------------------------------------------------------------
Finished Applying XDC Timing Constraints : Time (s): cpu = 00:00:25 ; elapsed = 00:00:35 . Memory (MB): peak = 800.609 ; gain = 507.164
---------------------------------------------------------------------------------
---------------------------------------------------------------------------------
Start Timing Optimization
---------------------------------------------------------------------------------
---------------------------------------------------------------------------------
Finished Timing Optimization : Time (s): cpu = 00:00:25 ; elapsed = 00:00:35 . Memory (MB): peak = 800.910 ; gain = 507.465
---------------------------------------------------------------------------------

Report RTL Partitions: 
+-+--------------+------------+----------+
| |RTL Partition |Replication |Instances |
+-+--------------+------------+----------+
+-+--------------+------------+----------+
---------------------------------------------------------------------------------
Start Technology Mapping
---------------------------------------------------------------------------------
---------------------------------------------------------------------------------
Finished Technology Mapping : Time (s): cpu = 00:00:25 ; elapsed = 00:00:35 . Memory (MB): peak = 814.391 ; gain = 520.945
---------------------------------------------------------------------------------

Report RTL Partitions: 
+-+--------------+------------+----------+
| |RTL Partition |Replication |Instances |
+-+--------------+------------+----------+
+-+--------------+------------+----------+
---------------------------------------------------------------------------------
Start IO Insertion
---------------------------------------------------------------------------------
---------------------------------------------------------------------------------
Start Flattening Before IO Insertion
---------------------------------------------------------------------------------
---------------------------------------------------------------------------------
Finished Flattening Before IO Insertion
---------------------------------------------------------------------------------
---------------------------------------------------------------------------------
Start Final Netlist Cleanup
---------------------------------------------------------------------------------
---------------------------------------------------------------------------------
Finished Final Netlist Cleanup
---------------------------------------------------------------------------------
---------------------------------------------------------------------------------
Finished IO Insertion : Time (s): cpu = 00:00:26 ; elapsed = 00:00:36 . Memory (MB): peak = 814.391 ; gain = 520.945
---------------------------------------------------------------------------------

Report Check Netlist: 
+------+------------------+-------+---------+-------+------------------+
|      |Item              |Errors |Warnings |Status |Description       |
+------+------------------+-------+---------+-------+------------------+
|1     |multi_driven_nets |      0|        0|Passed |Multi driven nets |
+------+------------------+-------+---------+-------+------------------+
---------------------------------------------------------------------------------
Start Renaming Generated Instances
---------------------------------------------------------------------------------
---------------------------------------------------------------------------------
Finished Renaming Generated Instances : Time (s): cpu = 00:00:26 ; elapsed = 00:00:36 . Memory (MB): peak = 814.391 ; gain = 520.945
---------------------------------------------------------------------------------

Report RTL Partitions: 
+-+--------------+------------+----------+
| |RTL Partition |Replication |Instances |
+-+--------------+------------+----------+
+-+--------------+------------+----------+
---------------------------------------------------------------------------------
Start Rebuilding User Hierarchy
---------------------------------------------------------------------------------
---------------------------------------------------------------------------------
Finished Rebuilding User Hierarchy : Time (s): cpu = 00:00:26 ; elapsed = 00:00:36 . Memory (MB): peak = 814.391 ; gain = 520.945
---------------------------------------------------------------------------------
---------------------------------------------------------------------------------
Start Renaming Generated Ports
---------------------------------------------------------------------------------
---------------------------------------------------------------------------------
Finished Renaming Generated Ports : Time (s): cpu = 00:00:26 ; elapsed = 00:00:36 . Memory (MB): peak = 814.391 ; gain = 520.945
---------------------------------------------------------------------------------
---------------------------------------------------------------------------------
Start Handling Custom Attributes
---------------------------------------------------------------------------------
---------------------------------------------------------------------------------
Finished Handling Custom Attributes : Time (s): cpu = 00:00:26 ; elapsed = 00:00:36 . Memory (MB): peak = 814.391 ; gain = 520.945
---------------------------------------------------------------------------------
---------------------------------------------------------------------------------
Start Renaming Generated Nets
---------------------------------------------------------------------------------
---------------------------------------------------------------------------------
Finished Renaming Generated Nets : Time (s): cpu = 00:00:26 ; elapsed = 00:00:36 . Memory (MB): peak = 814.391 ; gain = 520.945
---------------------------------------------------------------------------------
---------------------------------------------------------------------------------
Start Writing Synthesis Report
---------------------------------------------------------------------------------

Report BlackBoxes: 
+-+--------------+----------+
| |BlackBox name |Instances |
+-+--------------+----------+
+-+--------------+----------+

Report Cell Usage: 
+------+-------+------+
|      |Cell   |Count |
+------+-------+------+
|1     |CARRY4 |    20|
|2     |LUT1   |     3|
|3     |LUT2   |    25|
|4     |LUT3   |    16|
|5     |LUT4   |    40|
|6     |LUT5   |    41|
|7     |LUT6   |    62|
|8     |FDRE   |   105|
|9     |FDSE   |     1|
+------+-------+------+

Report Instance Areas: 
+------+--------------------------+-----------------+------+
|      |Instance                  |Module           |Cells |
+------+--------------------------+-----------------+------+
|1     |top                       |                 |   313|
|2     |  inst                    |ALU_v1_0         |   313|
|3     |    ALU_v1_0_S00_AXI_inst |ALU_v1_0_S00_AXI |   313|
|4     |      alu                 |ALU              |   185|
+------+--------------------------+-----------------+------+
---------------------------------------------------------------------------------
Finished Writing Synthesis Report : Time (s): cpu = 00:00:26 ; elapsed = 00:00:36 . Memory (MB): peak = 814.391 ; gain = 520.945
---------------------------------------------------------------------------------
Synthesis finished with 0 errors, 0 critical warnings and 6 warnings.
Synthesis Optimization Runtime : Time (s): cpu = 00:00:16 ; elapsed = 00:00:23 . Memory (MB): peak = 814.391 ; gain = 186.617
Synthesis Optimization Complete : Time (s): cpu = 00:00:27 ; elapsed = 00:00:36 . Memory (MB): peak = 814.391 ; gain = 520.945
INFO: [Project 1-571] Translating synthesized netlist
INFO: [Netlist 29-17] Analyzing 20 Unisim elements for replacement
INFO: [Netlist 29-28] Unisim Transformation completed in 0 CPU seconds
INFO: [Project 1-570] Preparing netlist for logic optimization
INFO: [Opt 31-138] Pushed 0 inverter(s) to 0 load pin(s).
Netlist sorting complete. Time (s): cpu = 00:00:00 ; elapsed = 00:00:00 . Memory (MB): peak = 824.918 ; gain = 0.000
INFO: [Project 1-111] Unisim Transformation Summary:
No Unisim elements were transformed.

INFO: [Common 17-83] Releasing license: Synthesis
29 Infos, 15 Warnings, 0 Critical Warnings and 0 Errors encountered.
synth_design completed successfully
synth_design: Time (s): cpu = 00:00:29 ; elapsed = 00:00:41 . Memory (MB): peak = 824.918 ; gain = 536.148
Netlist sorting complete. Time (s): cpu = 00:00:00 ; elapsed = 00:00:00 . Memory (MB): peak = 824.918 ; gain = 0.000
WARNING: [Constraints 18-5210] No constraints selected for write.
Resolution: This message can indicate that there are no constraints for the design, or it can indicate that the used_in flags are set such that the constraints are ignored. This later case is used when running synth_design to not write synthesis constraints to the resulting checkpoint. Instead, project constraints are read when the synthesized design is opened.
INFO: [Common 17-1381] The checkpoint 'D:/Vivado/project/hw4_top/hw4_top.runs/design_1_ALU_0_0_synth_1/design_1_ALU_0_0.dcp' has been generated.
INFO: [Coretcl 2-1648] Added synthesis output to IP cache for IP design_1_ALU_0_0, cache-ID = cfbdcd18f591203a
INFO: [Coretcl 2-1174] Renamed 3 cell refs.
Netlist sorting complete. Time (s): cpu = 00:00:00 ; elapsed = 00:00:00 . Memory (MB): peak = 824.918 ; gain = 0.000
WARNING: [Constraints 18-5210] No constraints selected for write.
Resolution: This message can indicate that there are no constraints for the design, or it can indicate that the used_in flags are set such that the constraints are ignored. This later case is used when running synth_design to not write synthesis constraints to the resulting checkpoint. Instead, project constraints are read when the synthesized design is opened.
INFO: [Common 17-1381] The checkpoint 'D:/Vivado/project/hw4_top/hw4_top.runs/design_1_ALU_0_0_synth_1/design_1_ALU_0_0.dcp' has been generated.
INFO: [runtcl-4] Executing : report_utilization -file design_1_ALU_0_0_utilization_synth.rpt -pb design_1_ALU_0_0_utilization_synth.pb
INFO: [Common 17-206] Exiting Vivado at Sat Nov  9 16:06:04 2019...
