19:58:21 INFO  : Registering command handlers for SDK TCF services
19:58:22 INFO  : Launching XSCT server: xsct.bat -interactive C:\Users\USER\FPGA\prog4_hash\prog4_hash.sdk\temp_xsdb_launch_script.tcl
19:58:24 INFO  : XSCT server has started successfully.
19:58:24 INFO  : Successfully done setting XSCT server connection channel  
19:58:24 INFO  : Processing command line option -hwspec C:/Users/USER/FPGA/prog4_hash/prog4_hash.sdk/design_1_wrapper.hdf.
19:58:24 INFO  : Successfully done setting SDK workspace  
20:05:53 INFO  : Connected to target on host '127.0.0.1' and port '3121'.
20:05:54 INFO  : Jtag cable 'Xilinx TUL 1234-tulA' is selected.
20:05:54 INFO  : 'jtag frequency' command is executed.
20:05:54 INFO  : Sourcing of 'C:/Users/USER/FPGA/prog4_hash/prog4_hash.sdk/design_1_wrapper_hw_platform_0/ps7_init.tcl' is done.
20:05:54 INFO  : Context for 'APU' is selected.
20:05:54 INFO  : System reset is completed.
20:05:57 INFO  : 'after 3000' command is executed.
20:05:57 INFO  : 'targets -set -filter {jtag_cable_name =~ "Xilinx TUL 1234-tulA" && level==0} -index 1' command is executed.
20:06:00 INFO  : FPGA configured successfully with bitstream "C:/Users/USER/FPGA/prog4_hash/prog4_hash.sdk/design_1_wrapper_hw_platform_0/design_1_wrapper.bit"
20:06:00 INFO  : Context for 'APU' is selected.
20:06:00 INFO  : Hardware design information is loaded from 'C:/Users/USER/FPGA/prog4_hash/prog4_hash.sdk/design_1_wrapper_hw_platform_0/system.hdf'.
20:06:00 INFO  : 'configparams force-mem-access 1' command is executed.
20:06:00 INFO  : Context for 'APU' is selected.
20:06:00 INFO  : 'ps7_init' command is executed.
20:06:00 INFO  : 'ps7_post_config' command is executed.
20:06:00 INFO  : Context for processor 'ps7_cortexa9_0' is selected.
20:06:01 INFO  : The application 'C:/Users/USER/FPGA/prog4_hash/prog4_hash.sdk/prog4_hash/Debug/prog4_hash.elf' is downloaded to processor 'ps7_cortexa9_0'.
20:06:01 INFO  : 'configparams force-mem-access 0' command is executed.
20:06:01 INFO  : ----------------XSDB Script----------------
connect -url tcp:127.0.0.1:3121
source C:/Users/USER/FPGA/prog4_hash/prog4_hash.sdk/design_1_wrapper_hw_platform_0/ps7_init.tcl
targets -set -nocase -filter {name =~"APU*" && jtag_cable_name =~ "Xilinx TUL 1234-tulA"} -index 0
rst -system
after 3000
targets -set -filter {jtag_cable_name =~ "Xilinx TUL 1234-tulA" && level==0} -index 1
fpga -file C:/Users/USER/FPGA/prog4_hash/prog4_hash.sdk/design_1_wrapper_hw_platform_0/design_1_wrapper.bit
targets -set -nocase -filter {name =~"APU*" && jtag_cable_name =~ "Xilinx TUL 1234-tulA"} -index 0
loadhw -hw C:/Users/USER/FPGA/prog4_hash/prog4_hash.sdk/design_1_wrapper_hw_platform_0/system.hdf -mem-ranges [list {0x40000000 0xbfffffff}]
configparams force-mem-access 1
targets -set -nocase -filter {name =~"APU*" && jtag_cable_name =~ "Xilinx TUL 1234-tulA"} -index 0
ps7_init
ps7_post_config
targets -set -nocase -filter {name =~ "ARM*#0" && jtag_cable_name =~ "Xilinx TUL 1234-tulA"} -index 0
dow C:/Users/USER/FPGA/prog4_hash/prog4_hash.sdk/prog4_hash/Debug/prog4_hash.elf
configparams force-mem-access 0
----------------End of Script----------------

20:06:01 INFO  : Context for processor 'ps7_cortexa9_0' is selected.
20:06:01 INFO  : 'con' command is executed.
20:06:01 INFO  : ----------------XSDB Script (After Launch)----------------
targets -set -nocase -filter {name =~ "ARM*#0" && jtag_cable_name =~ "Xilinx TUL 1234-tulA"} -index 0
con
----------------End of Script----------------

20:06:01 INFO  : Disconnected from the channel tcfchan#1.
20:08:01 INFO  : Connected to target on host '127.0.0.1' and port '3121'.
20:08:01 INFO  : Jtag cable 'Xilinx TUL 1234-tulA' is selected.
20:08:01 INFO  : 'jtag frequency' command is executed.
20:08:01 INFO  : Sourcing of 'C:/Users/USER/FPGA/prog4_hash/prog4_hash.sdk/design_1_wrapper_hw_platform_0/ps7_init.tcl' is done.
20:08:01 INFO  : Context for 'APU' is selected.
20:08:01 INFO  : System reset is completed.
20:08:05 INFO  : 'after 3000' command is executed.
20:08:05 INFO  : 'targets -set -filter {jtag_cable_name =~ "Xilinx TUL 1234-tulA" && level==0} -index 1' command is executed.
20:08:07 INFO  : FPGA configured successfully with bitstream "C:/Users/USER/FPGA/prog4_hash/prog4_hash.sdk/design_1_wrapper_hw_platform_0/design_1_wrapper.bit"
20:08:07 INFO  : Context for 'APU' is selected.
20:08:09 INFO  : Hardware design information is loaded from 'C:/Users/USER/FPGA/prog4_hash/prog4_hash.sdk/design_1_wrapper_hw_platform_0/system.hdf'.
20:08:09 INFO  : 'configparams force-mem-access 1' command is executed.
20:08:09 INFO  : Context for 'APU' is selected.
20:08:10 INFO  : 'ps7_init' command is executed.
20:08:10 INFO  : 'ps7_post_config' command is executed.
20:08:10 INFO  : Context for processor 'ps7_cortexa9_0' is selected.
20:08:10 INFO  : The application 'C:/Users/USER/FPGA/prog4_hash/prog4_hash.sdk/prog4_hash/Debug/prog4_hash.elf' is downloaded to processor 'ps7_cortexa9_0'.
20:08:10 INFO  : 'configparams force-mem-access 0' command is executed.
20:08:10 INFO  : ----------------XSDB Script----------------
connect -url tcp:127.0.0.1:3121
source C:/Users/USER/FPGA/prog4_hash/prog4_hash.sdk/design_1_wrapper_hw_platform_0/ps7_init.tcl
targets -set -nocase -filter {name =~"APU*" && jtag_cable_name =~ "Xilinx TUL 1234-tulA"} -index 0
rst -system
after 3000
targets -set -filter {jtag_cable_name =~ "Xilinx TUL 1234-tulA" && level==0} -index 1
fpga -file C:/Users/USER/FPGA/prog4_hash/prog4_hash.sdk/design_1_wrapper_hw_platform_0/design_1_wrapper.bit
targets -set -nocase -filter {name =~"APU*" && jtag_cable_name =~ "Xilinx TUL 1234-tulA"} -index 0
loadhw -hw C:/Users/USER/FPGA/prog4_hash/prog4_hash.sdk/design_1_wrapper_hw_platform_0/system.hdf -mem-ranges [list {0x40000000 0xbfffffff}]
configparams force-mem-access 1
targets -set -nocase -filter {name =~"APU*" && jtag_cable_name =~ "Xilinx TUL 1234-tulA"} -index 0
ps7_init
ps7_post_config
targets -set -nocase -filter {name =~ "ARM*#0" && jtag_cable_name =~ "Xilinx TUL 1234-tulA"} -index 0
dow C:/Users/USER/FPGA/prog4_hash/prog4_hash.sdk/prog4_hash/Debug/prog4_hash.elf
configparams force-mem-access 0
----------------End of Script----------------

20:08:10 INFO  : Context for processor 'ps7_cortexa9_0' is selected.
20:08:10 INFO  : 'con' command is executed.
20:08:10 INFO  : ----------------XSDB Script (After Launch)----------------
targets -set -nocase -filter {name =~ "ARM*#0" && jtag_cable_name =~ "Xilinx TUL 1234-tulA"} -index 0
con
----------------End of Script----------------

20:08:10 INFO  : Disconnected from the channel tcfchan#2.
20:09:06 INFO  : Connected to target on host '127.0.0.1' and port '3121'.
20:09:07 INFO  : Jtag cable 'Xilinx TUL 1234-tulA' is selected.
20:09:07 INFO  : 'jtag frequency' command is executed.
20:09:07 INFO  : Sourcing of 'C:/Users/USER/FPGA/prog4_hash/prog4_hash.sdk/design_1_wrapper_hw_platform_0/ps7_init.tcl' is done.
20:09:07 INFO  : Context for 'APU' is selected.
20:09:07 INFO  : System reset is completed.
20:09:10 INFO  : 'after 3000' command is executed.
20:09:10 INFO  : 'targets -set -filter {jtag_cable_name =~ "Xilinx TUL 1234-tulA" && level==0} -index 1' command is executed.
20:09:12 INFO  : FPGA configured successfully with bitstream "C:/Users/USER/FPGA/prog4_hash/prog4_hash.sdk/design_1_wrapper_hw_platform_0/design_1_wrapper.bit"
20:09:12 INFO  : Context for 'APU' is selected.
20:09:15 INFO  : Hardware design information is loaded from 'C:/Users/USER/FPGA/prog4_hash/prog4_hash.sdk/design_1_wrapper_hw_platform_0/system.hdf'.
20:09:15 INFO  : 'configparams force-mem-access 1' command is executed.
20:09:15 INFO  : Context for 'APU' is selected.
20:09:15 INFO  : 'ps7_init' command is executed.
20:09:15 INFO  : 'ps7_post_config' command is executed.
20:09:15 INFO  : Context for processor 'ps7_cortexa9_0' is selected.
20:09:16 INFO  : The application 'C:/Users/USER/FPGA/prog4_hash/prog4_hash.sdk/prog4_hash/Debug/prog4_hash.elf' is downloaded to processor 'ps7_cortexa9_0'.
20:09:16 INFO  : 'configparams force-mem-access 0' command is executed.
20:09:16 INFO  : ----------------XSDB Script----------------
connect -url tcp:127.0.0.1:3121
source C:/Users/USER/FPGA/prog4_hash/prog4_hash.sdk/design_1_wrapper_hw_platform_0/ps7_init.tcl
targets -set -nocase -filter {name =~"APU*" && jtag_cable_name =~ "Xilinx TUL 1234-tulA"} -index 0
rst -system
after 3000
targets -set -filter {jtag_cable_name =~ "Xilinx TUL 1234-tulA" && level==0} -index 1
fpga -file C:/Users/USER/FPGA/prog4_hash/prog4_hash.sdk/design_1_wrapper_hw_platform_0/design_1_wrapper.bit
targets -set -nocase -filter {name =~"APU*" && jtag_cable_name =~ "Xilinx TUL 1234-tulA"} -index 0
loadhw -hw C:/Users/USER/FPGA/prog4_hash/prog4_hash.sdk/design_1_wrapper_hw_platform_0/system.hdf -mem-ranges [list {0x40000000 0xbfffffff}]
configparams force-mem-access 1
targets -set -nocase -filter {name =~"APU*" && jtag_cable_name =~ "Xilinx TUL 1234-tulA"} -index 0
ps7_init
ps7_post_config
targets -set -nocase -filter {name =~ "ARM*#0" && jtag_cable_name =~ "Xilinx TUL 1234-tulA"} -index 0
dow C:/Users/USER/FPGA/prog4_hash/prog4_hash.sdk/prog4_hash/Debug/prog4_hash.elf
configparams force-mem-access 0
----------------End of Script----------------

20:09:16 INFO  : Context for processor 'ps7_cortexa9_0' is selected.
20:09:16 INFO  : 'con' command is executed.
20:09:16 INFO  : ----------------XSDB Script (After Launch)----------------
targets -set -nocase -filter {name =~ "ARM*#0" && jtag_cable_name =~ "Xilinx TUL 1234-tulA"} -index 0
con
----------------End of Script----------------

20:09:16 INFO  : Disconnected from the channel tcfchan#3.
20:09:58 INFO  : Connected to target on host '127.0.0.1' and port '3121'.
20:09:58 INFO  : Jtag cable 'Xilinx TUL 1234-tulA' is selected.
20:09:58 INFO  : 'jtag frequency' command is executed.
20:09:59 INFO  : Sourcing of 'C:/Users/USER/FPGA/prog4_hash/prog4_hash.sdk/design_1_wrapper_hw_platform_0/ps7_init.tcl' is done.
20:09:59 INFO  : Context for 'APU' is selected.
20:09:59 INFO  : System reset is completed.
20:10:02 INFO  : 'after 3000' command is executed.
20:10:02 INFO  : 'targets -set -filter {jtag_cable_name =~ "Xilinx TUL 1234-tulA" && level==0} -index 1' command is executed.
20:10:04 INFO  : FPGA configured successfully with bitstream "C:/Users/USER/FPGA/prog4_hash/prog4_hash.sdk/design_1_wrapper_hw_platform_0/design_1_wrapper.bit"
20:10:04 INFO  : Context for 'APU' is selected.
20:10:07 INFO  : Hardware design information is loaded from 'C:/Users/USER/FPGA/prog4_hash/prog4_hash.sdk/design_1_wrapper_hw_platform_0/system.hdf'.
20:10:07 INFO  : 'configparams force-mem-access 1' command is executed.
20:10:07 INFO  : Context for 'APU' is selected.
20:10:07 INFO  : 'ps7_init' command is executed.
20:10:07 INFO  : 'ps7_post_config' command is executed.
20:10:07 INFO  : Context for processor 'ps7_cortexa9_0' is selected.
20:10:08 INFO  : The application 'C:/Users/USER/FPGA/prog4_hash/prog4_hash.sdk/prog4_hash/Debug/prog4_hash.elf' is downloaded to processor 'ps7_cortexa9_0'.
20:10:08 INFO  : 'configparams force-mem-access 0' command is executed.
20:10:08 INFO  : ----------------XSDB Script----------------
connect -url tcp:127.0.0.1:3121
source C:/Users/USER/FPGA/prog4_hash/prog4_hash.sdk/design_1_wrapper_hw_platform_0/ps7_init.tcl
targets -set -nocase -filter {name =~"APU*" && jtag_cable_name =~ "Xilinx TUL 1234-tulA"} -index 0
rst -system
after 3000
targets -set -filter {jtag_cable_name =~ "Xilinx TUL 1234-tulA" && level==0} -index 1
fpga -file C:/Users/USER/FPGA/prog4_hash/prog4_hash.sdk/design_1_wrapper_hw_platform_0/design_1_wrapper.bit
targets -set -nocase -filter {name =~"APU*" && jtag_cable_name =~ "Xilinx TUL 1234-tulA"} -index 0
loadhw -hw C:/Users/USER/FPGA/prog4_hash/prog4_hash.sdk/design_1_wrapper_hw_platform_0/system.hdf -mem-ranges [list {0x40000000 0xbfffffff}]
configparams force-mem-access 1
targets -set -nocase -filter {name =~"APU*" && jtag_cable_name =~ "Xilinx TUL 1234-tulA"} -index 0
ps7_init
ps7_post_config
targets -set -nocase -filter {name =~ "ARM*#0" && jtag_cable_name =~ "Xilinx TUL 1234-tulA"} -index 0
dow C:/Users/USER/FPGA/prog4_hash/prog4_hash.sdk/prog4_hash/Debug/prog4_hash.elf
configparams force-mem-access 0
----------------End of Script----------------

20:10:08 INFO  : Context for processor 'ps7_cortexa9_0' is selected.
20:10:08 INFO  : 'con' command is executed.
20:10:08 INFO  : ----------------XSDB Script (After Launch)----------------
targets -set -nocase -filter {name =~ "ARM*#0" && jtag_cable_name =~ "Xilinx TUL 1234-tulA"} -index 0
con
----------------End of Script----------------

20:10:08 INFO  : Disconnected from the channel tcfchan#4.
